c:\users\tuana\desktop\projeler\c++ projeler\customengine\customengine\x64\debug\vc143.pdb
c:\users\tuana\desktop\projeler\c++ projeler\customengine\customengine\x64\debug\vc143.idb
c:\users\tuana\desktop\projeler\c++ projeler\customengine\customengine\x64\debug\system.obj
c:\users\tuana\desktop\projeler\c++ projeler\customengine\customengine\x64\debug\main.obj
c:\users\tuana\desktop\projeler\c++ projeler\customengine\customengine\x64\debug\input.obj
c:\users\tuana\desktop\projeler\c++ projeler\customengine\customengine\x64\debug\application.obj
c:\users\tuana\desktop\projeler\c++ projeler\customengine\customengine\x64\debug\d3d.obj
c:\users\tuana\desktop\projeler\c++ projeler\customengine\customengine\x64\debug\model.obj
c:\users\tuana\desktop\projeler\c++ projeler\customengine\customengine\x64\debug\colorshader.obj
c:\users\tuana\desktop\projeler\c++ projeler\customengine\customengine\x64\debug\camera.obj
c:\users\tuana\desktop\projeler\c++ projeler\customengine\customengine\x64\debug\textureshader.obj
c:\users\tuana\desktop\projeler\c++ projeler\customengine\customengine\x64\debug\texture.obj
c:\users\tuana\desktop\projeler\c++ projeler\customengine\x64\debug\customengine.exe
c:\users\tuana\desktop\projeler\c++ projeler\customengine\x64\debug\customengine.pdb
c:\users\tuana\desktop\projeler\c++ projeler\customengine\customengine\x64\debug\customengine.ilk
c:\users\tuana\desktop\projeler\c++ projeler\customengine\customengine\x64\debug\customengine.tlog\cl.command.1.tlog
c:\users\tuana\desktop\projeler\c++ projeler\customengine\customengine\x64\debug\customengine.tlog\cl.items.tlog
c:\users\tuana\desktop\projeler\c++ projeler\customengine\customengine\x64\debug\customengine.tlog\cl.read.1.tlog
c:\users\tuana\desktop\projeler\c++ projeler\customengine\customengine\x64\debug\customengine.tlog\cl.write.1.tlog
c:\users\tuana\desktop\projeler\c++ projeler\customengine\customengine\x64\debug\customengine.tlog\link.command.1.tlog
c:\users\tuana\desktop\projeler\c++ projeler\customengine\customengine\x64\debug\customengine.tlog\link.read.1.tlog
c:\users\tuana\desktop\projeler\c++ projeler\customengine\customengine\x64\debug\customengine.tlog\link.secondary.1.tlog
c:\users\tuana\desktop\projeler\c++ projeler\customengine\customengine\x64\debug\customengine.tlog\link.write.1.tlog
